2014/03/21 11:56:36 [error] [exception.CDbException] exception 'CDbException' with message 'CDbConnection failed to open the DB connection: SQLSTATE[HY000] [1049] Unknown database 'testdrive'' in C:\yiiframework\yii-1.1.14.f0fee9\framework\db\CDbConnection.php:382
Stack trace:
#0 C:\yiiframework\yii-1.1.14.f0fee9\framework\db\CDbConnection.php(330): CDbConnection->open()
#1 C:\yiiframework\yii-1.1.14.f0fee9\framework\db\CDbConnection.php(308): CDbConnection->setActive(true)
#2 C:\yiiframework\yii-1.1.14.f0fee9\framework\base\CModule.php(387): CDbConnection->init()
#3 C:\yiiframework\yii-1.1.14.f0fee9\framework\base\CModule.php(103): CModule->getComponent('db')
#4 C:\yiiframework\yii-1.1.14.f0fee9\framework\gii\generators\model\ModelCode.php(60): CModule->__get('db')
#5 C:\yiiframework\yii-1.1.14.f0fee9\framework\web\CFormModel.php(39): ModelCode->init()
#6 C:\yiiframework\yii-1.1.14.f0fee9\framework\gii\CCodeGenerator.php(153): CFormModel->__construct()
#7 C:\yiiframework\yii-1.1.14.f0fee9\framework\gii\CCodeGenerator.php(63): CCodeGenerator->prepare()
#8 C:\yiiframework\yii-1.1.14.f0fee9\framework\web\actions\CInlineAction.php(49): CCodeGenerator->actionIndex()
#9 C:\yiiframework\yii-1.1.14.f0fee9\framework\web\CController.php(308): CInlineAction->runWithParams(Array)
#10 C:\yiiframework\yii-1.1.14.f0fee9\framework\web\CController.php(286): CController->runAction(Object(CInlineAction))
#11 C:\yiiframework\yii-1.1.14.f0fee9\framework\web\CController.php(265): CController->runActionWithFilters(Object(CInlineAction), Array)
#12 C:\yiiframework\yii-1.1.14.f0fee9\framework\web\CWebApplication.php(282): CController->run('index')
#13 C:\yiiframework\yii-1.1.14.f0fee9\framework\web\CWebApplication.php(141): CWebApplication->runController('gii/model/index')
#14 C:\yiiframework\yii-1.1.14.f0fee9\framework\base\CApplication.php(180): CWebApplication->processRequest()
#15 C:\wamp\www\ruslan\index.php(13): CApplication->run()
#16 {main}
REQUEST_URI=/ruslan/index.php?r=gii/model/index
HTTP_REFERER=http://localhost/ruslan/index.php?r=gii/default/index
---
2014/03/21 11:59:30 [error] [system.db.CDbCommand] CDbCommand::fetchAll() failed: SQLSTATE[42S02]: Base table or view not found: 1146 Table 'itportal.user' doesn't exist. The SQL statement executed was: SHOW FULL COLUMNS FROM `user`.
in C:\wamp\www\ruslan\index.php (13)
